<?xml version="1.0" encoding="UTF-8"?>
<testng-results ignored="0" total="5" passed="5" failed="0" skipped="0">
  <reporter-output>
  </reporter-output>
  <suite started-at="2023-04-29T02:49:42 GMT" name="search-module" finished-at="2023-04-29T02:54:10 GMT" duration-ms="268017">
    <groups>
    </groups>
    <test started-at="2023-04-29T02:49:42 GMT" name="search-test-webdriver" finished-at="2023-04-29T02:51:25 GMT" duration-ms="103147">
      <class name="com.searchmodule.tests.SearchTest">
        <test-method is-config="true" signature="setupDriver(java.lang.String)[pri:0, instance:com.searchmodule.tests.SearchTest@290dbf45]" started-at="2023-04-29T02:49:42 GMT" name="setupDriver" finished-at="2023-04-29T02:49:54 GMT" duration-ms="11690" status="PASS">
          <params>
            <param index="0">
              <value>
                <![CDATA[false]]>
              </value>
            </param>
          </params>
          <reporter-output>
          </reporter-output>
        </test-method> <!-- setupDriver -->
        <test-method signature="search(java.lang.String)[pri:0, instance:com.searchmodule.tests.SearchTest@290dbf45]" started-at="2023-04-29T02:49:54 GMT" name="search" finished-at="2023-04-29T02:51:21 GMT" duration-ms="87553" status="PASS">
          <params>
            <param index="0">
              <value>
                <![CDATA[webdriver]]>
              </value>
            </param>
          </params>
          <reporter-output>
          </reporter-output>
        </test-method> <!-- search -->
        <test-method is-config="true" signature="closeBrowser()[pri:0, instance:com.searchmodule.tests.SearchTest@290dbf45]" started-at="2023-04-29T02:51:21 GMT" name="closeBrowser" finished-at="2023-04-29T02:51:25 GMT" duration-ms="3889" status="PASS">
          <reporter-output>
          </reporter-output>
        </test-method> <!-- closeBrowser -->
      </class> <!-- com.searchmodule.tests.SearchTest -->
    </test> <!-- search-test-webdriver -->
    <test started-at="2023-04-29T02:49:42 GMT" name="search-test-docker" finished-at="2023-04-29T02:51:43 GMT" duration-ms="121124">
      <class name="com.searchmodule.tests.SearchTest">
        <test-method is-config="true" signature="setupDriver(java.lang.String)[pri:0, instance:com.searchmodule.tests.SearchTest@69a10787]" started-at="2023-04-29T02:49:42 GMT" name="setupDriver" finished-at="2023-04-29T02:49:52 GMT" duration-ms="9996" status="PASS">
          <params>
            <param index="0">
              <value>
                <![CDATA[false]]>
              </value>
            </param>
          </params>
          <reporter-output>
          </reporter-output>
        </test-method> <!-- setupDriver -->
        <test-method signature="search(java.lang.String)[pri:0, instance:com.searchmodule.tests.SearchTest@69a10787]" started-at="2023-04-29T02:49:52 GMT" name="search" finished-at="2023-04-29T02:51:39 GMT" duration-ms="106853" status="PASS">
          <params>
            <param index="0">
              <value>
                <![CDATA[docker]]>
              </value>
            </param>
          </params>
          <reporter-output>
          </reporter-output>
        </test-method> <!-- search -->
        <test-method is-config="true" signature="closeBrowser()[pri:0, instance:com.searchmodule.tests.SearchTest@69a10787]" started-at="2023-04-29T02:51:39 GMT" name="closeBrowser" finished-at="2023-04-29T02:51:43 GMT" duration-ms="4228" status="PASS">
          <reporter-output>
          </reporter-output>
        </test-method> <!-- closeBrowser -->
      </class> <!-- com.searchmodule.tests.SearchTest -->
    </test> <!-- search-test-docker -->
    <test started-at="2023-04-29T02:49:42 GMT" name="search-test-low-light-image-enhancement" finished-at="2023-04-29T02:52:42 GMT" duration-ms="179610">
      <class name="com.searchmodule.tests.SearchTest">
        <test-method is-config="true" signature="setupDriver(java.lang.String)[pri:0, instance:com.searchmodule.tests.SearchTest@365c30cc]" started-at="2023-04-29T02:49:42 GMT" name="setupDriver" finished-at="2023-04-29T02:51:29 GMT" duration-ms="107138" status="PASS">
          <params>
            <param index="0">
              <value>
                <![CDATA[false]]>
              </value>
            </param>
          </params>
          <reporter-output>
          </reporter-output>
        </test-method> <!-- setupDriver -->
        <test-method signature="search(java.lang.String)[pri:0, instance:com.searchmodule.tests.SearchTest@365c30cc]" started-at="2023-04-29T02:51:29 GMT" name="search" finished-at="2023-04-29T02:52:38 GMT" duration-ms="68870" status="PASS">
          <params>
            <param index="0">
              <value>
                <![CDATA[low-light-image-enhancement]]>
              </value>
            </param>
          </params>
          <reporter-output>
          </reporter-output>
        </test-method> <!-- search -->
        <test-method is-config="true" signature="closeBrowser()[pri:0, instance:com.searchmodule.tests.SearchTest@365c30cc]" started-at="2023-04-29T02:52:38 GMT" name="closeBrowser" finished-at="2023-04-29T02:52:42 GMT" duration-ms="3592" status="PASS">
          <reporter-output>
          </reporter-output>
        </test-method> <!-- closeBrowser -->
      </class> <!-- com.searchmodule.tests.SearchTest -->
    </test> <!-- search-test-low-light-image-enhancement -->
    <test started-at="2023-04-29T02:49:42 GMT" name="search-test-kubernetes" finished-at="2023-04-29T02:52:57 GMT" duration-ms="195377">
      <class name="com.searchmodule.tests.SearchTest">
        <test-method is-config="true" signature="setupDriver(java.lang.String)[pri:0, instance:com.searchmodule.tests.SearchTest@70beb599]" started-at="2023-04-29T02:49:42 GMT" name="setupDriver" finished-at="2023-04-29T02:51:49 GMT" duration-ms="126725" status="PASS">
          <params>
            <param index="0">
              <value>
                <![CDATA[false]]>
              </value>
            </param>
          </params>
          <reporter-output>
          </reporter-output>
        </test-method> <!-- setupDriver -->
        <test-method signature="search(java.lang.String)[pri:0, instance:com.searchmodule.tests.SearchTest@70beb599]" started-at="2023-04-29T02:51:49 GMT" name="search" finished-at="2023-04-29T02:52:52 GMT" duration-ms="63041" status="PASS">
          <params>
            <param index="0">
              <value>
                <![CDATA[kubernetes]]>
              </value>
            </param>
          </params>
          <reporter-output>
          </reporter-output>
        </test-method> <!-- search -->
        <test-method is-config="true" signature="closeBrowser()[pri:0, instance:com.searchmodule.tests.SearchTest@70beb599]" started-at="2023-04-29T02:52:52 GMT" name="closeBrowser" finished-at="2023-04-29T02:52:57 GMT" duration-ms="5595" status="PASS">
          <reporter-output>
          </reporter-output>
        </test-method> <!-- closeBrowser -->
      </class> <!-- com.searchmodule.tests.SearchTest -->
    </test> <!-- search-test-kubernetes -->
    <test started-at="2023-04-29T02:49:42 GMT" name="search-test-java" finished-at="2023-04-29T02:54:10 GMT" duration-ms="268014">
      <class name="com.searchmodule.tests.SearchTest">
        <test-method is-config="true" signature="setupDriver(java.lang.String)[pri:0, instance:com.searchmodule.tests.SearchTest@543e710e]" started-at="2023-04-29T02:49:42 GMT" name="setupDriver" finished-at="2023-04-29T02:52:48 GMT" duration-ms="185543" status="PASS">
          <params>
            <param index="0">
              <value>
                <![CDATA[false]]>
              </value>
            </param>
          </params>
          <reporter-output>
          </reporter-output>
        </test-method> <!-- setupDriver -->
        <test-method signature="search(java.lang.String)[pri:0, instance:com.searchmodule.tests.SearchTest@543e710e]" started-at="2023-04-29T02:52:48 GMT" name="search" finished-at="2023-04-29T02:54:02 GMT" duration-ms="74603" status="PASS">
          <params>
            <param index="0">
              <value>
                <![CDATA[java]]>
              </value>
            </param>
          </params>
          <reporter-output>
          </reporter-output>
        </test-method> <!-- search -->
        <test-method is-config="true" signature="closeBrowser()[pri:0, instance:com.searchmodule.tests.SearchTest@543e710e]" started-at="2023-04-29T02:54:02 GMT" name="closeBrowser" finished-at="2023-04-29T02:54:10 GMT" duration-ms="7855" status="PASS">
          <reporter-output>
          </reporter-output>
        </test-method> <!-- closeBrowser -->
      </class> <!-- com.searchmodule.tests.SearchTest -->
    </test> <!-- search-test-java -->
  </suite> <!-- search-module -->
</testng-results>
